1731698743.508046 client started (50850): version 3.2a, socket /tmp/tmux-1000/default, protocol 8
1731698743.508081 on Linux 5.15.0-125-generic #135-Ubuntu SMP Fri Sep 27 13:53:58 UTC 2024
1731698743.508096 using libevent 2.1.12-stable (poll); ncurses 6.3
1731698743.508129 flags are 0x10010000
1731698743.508137 socket is /tmp/tmux-1000/default
1731698743.508153 trying connect
1731698743.508236 add peer 0x5617948b3ac0: 6 ((nil))
1731698743.508597 sending message 100 to peer 0x5617948b3ac0 (4 bytes)
1731698743.508617 sending message 111 to peer 0x5617948b3ac0 (8 bytes)
1731698743.508627 sending message 101 to peer 0x5617948b3ac0 (16 bytes)
1731698743.508636 sending message 109 to peer 0x5617948b3ac0 (4 bytes)
1731698743.508644 sending message 102 to peer 0x5617948b3ac0 (11 bytes)
1731698743.508654 sending message 108 to peer 0x5617948b3ac0 (74 bytes)
1731698743.508665 sending message 112 to peer 0x5617948b3ac0 (70 bytes)
1731698743.508677 sending message 112 to peer 0x5617948b3ac0 (5 bytes)
1731698743.508688 sending message 112 to peer 0x5617948b3ac0 (5 bytes)
1731698743.508699 sending message 112 to peer 0x5617948b3ac0 (6 bytes)
1731698743.508711 sending message 112 to peer 0x5617948b3ac0 (6 bytes)
1731698743.508720 sending message 112 to peer 0x5617948b3ac0 (11 bytes)
1731698743.508728 sending message 112 to peer 0x5617948b3ac0 (10 bytes)
1731698743.508737 sending message 112 to peer 0x5617948b3ac0 (13 bytes)
1731698743.508745 sending message 112 to peer 0x5617948b3ac0 (13 bytes)
1731698743.508753 sending message 112 to peer 0x5617948b3ac0 (18 bytes)
1731698743.508762 sending message 112 to peer 0x5617948b3ac0 (11 bytes)
1731698743.508770 sending message 112 to peer 0x5617948b3ac0 (21 bytes)
1731698743.508778 sending message 112 to peer 0x5617948b3ac0 (13 bytes)
1731698743.508787 sending message 112 to peer 0x5617948b3ac0 (7 bytes)
1731698743.508796 sending message 112 to peer 0x5617948b3ac0 (13 bytes)
1731698743.508805 sending message 112 to peer 0x5617948b3ac0 (7 bytes)
1731698743.508813 sending message 112 to peer 0x5617948b3ac0 (13 bytes)
1731698743.508822 sending message 112 to peer 0x5617948b3ac0 (9 bytes)
1731698743.508843 sending message 112 to peer 0x5617948b3ac0 (21 bytes)
1731698743.508854 sending message 112 to peer 0x5617948b3ac0 (13 bytes)
1731698743.508860 sending message 112 to peer 0x5617948b3ac0 (8 bytes)
1731698743.508866 sending message 112 to peer 0x5617948b3ac0 (12 bytes)
1731698743.508872 sending message 112 to peer 0x5617948b3ac0 (13 bytes)
1731698743.508878 sending message 112 to peer 0x5617948b3ac0 (9 bytes)
1731698743.508884 sending message 112 to peer 0x5617948b3ac0 (9 bytes)
1731698743.508890 sending message 112 to peer 0x5617948b3ac0 (12 bytes)
1731698743.508896 sending message 112 to peer 0x5617948b3ac0 (8 bytes)
1731698743.508902 sending message 112 to peer 0x5617948b3ac0 (7 bytes)
1731698743.508908 sending message 112 to peer 0x5617948b3ac0 (7 bytes)
1731698743.508914 sending message 112 to peer 0x5617948b3ac0 (9 bytes)
1731698743.508920 sending message 112 to peer 0x5617948b3ac0 (13 bytes)
1731698743.508926 sending message 112 to peer 0x5617948b3ac0 (9 bytes)
1731698743.508932 sending message 112 to peer 0x5617948b3ac0 (15 bytes)
1731698743.508938 sending message 112 to peer 0x5617948b3ac0 (13 bytes)
1731698743.508944 sending message 112 to peer 0x5617948b3ac0 (12 bytes)
1731698743.508951 sending message 112 to peer 0x5617948b3ac0 (8 bytes)
1731698743.508957 sending message 112 to peer 0x5617948b3ac0 (14 bytes)
1731698743.508963 sending message 112 to peer 0x5617948b3ac0 (9 bytes)
1731698743.508969 sending message 112 to peer 0x5617948b3ac0 (10 bytes)
1731698743.508975 sending message 112 to peer 0x5617948b3ac0 (10 bytes)
1731698743.508980 sending message 112 to peer 0x5617948b3ac0 (10 bytes)
1731698743.508986 sending message 112 to peer 0x5617948b3ac0 (10 bytes)
1731698743.508992 sending message 112 to peer 0x5617948b3ac0 (11 bytes)
1731698743.508998 sending message 112 to peer 0x5617948b3ac0 (10 bytes)
1731698743.509005 sending message 112 to peer 0x5617948b3ac0 (8 bytes)
1731698743.509011 sending message 112 to peer 0x5617948b3ac0 (11 bytes)
1731698743.509027 sending message 112 to peer 0x5617948b3ac0 (11 bytes)
1731698743.509034 sending message 112 to peer 0x5617948b3ac0 (11 bytes)
1731698743.509040 sending message 112 to peer 0x5617948b3ac0 (8 bytes)
1731698743.509046 sending message 112 to peer 0x5617948b3ac0 (8 bytes)
1731698743.509052 sending message 112 to peer 0x5617948b3ac0 (8 bytes)
1731698743.509058 sending message 112 to peer 0x5617948b3ac0 (10 bytes)
1731698743.509064 sending message 112 to peer 0x5617948b3ac0 (10 bytes)
1731698743.509070 sending message 112 to peer 0x5617948b3ac0 (10 bytes)
1731698743.509076 sending message 112 to peer 0x5617948b3ac0 (10 bytes)
1731698743.509082 sending message 112 to peer 0x5617948b3ac0 (10 bytes)
1731698743.509088 sending message 112 to peer 0x5617948b3ac0 (11 bytes)
1731698743.509094 sending message 112 to peer 0x5617948b3ac0 (11 bytes)
1731698743.509100 sending message 112 to peer 0x5617948b3ac0 (10 bytes)
1731698743.509106 sending message 112 to peer 0x5617948b3ac0 (9 bytes)
1731698743.509112 sending message 112 to peer 0x5617948b3ac0 (9 bytes)
1731698743.509118 sending message 112 to peer 0x5617948b3ac0 (12 bytes)
1731698743.509124 sending message 112 to peer 0x5617948b3ac0 (9 bytes)
1731698743.509130 sending message 112 to peer 0x5617948b3ac0 (6 bytes)
1731698743.509136 sending message 112 to peer 0x5617948b3ac0 (13 bytes)
1731698743.509146 sending message 112 to peer 0x5617948b3ac0 (8 bytes)
1731698743.509156 sending message 112 to peer 0x5617948b3ac0 (15 bytes)
1731698743.509165 sending message 112 to peer 0x5617948b3ac0 (13 bytes)
1731698743.509175 sending message 112 to peer 0x5617948b3ac0 (70 bytes)
1731698743.509184 sending message 112 to peer 0x5617948b3ac0 (69 bytes)
1731698743.509192 sending message 112 to peer 0x5617948b3ac0 (10 bytes)
1731698743.509201 sending message 112 to peer 0x5617948b3ac0 (8 bytes)
1731698743.509209 sending message 112 to peer 0x5617948b3ac0 (15 bytes)
1731698743.509221 sending message 112 to peer 0x5617948b3ac0 (13 bytes)
1731698743.509230 sending message 112 to peer 0x5617948b3ac0 (10 bytes)
1731698743.509237 sending message 112 to peer 0x5617948b3ac0 (10 bytes)
1731698743.509243 sending message 112 to peer 0x5617948b3ac0 (5 bytes)
1731698743.509249 sending message 112 to peer 0x5617948b3ac0 (15 bytes)
1731698743.509256 sending message 104 to peer 0x5617948b3ac0 (0 bytes)
1731698743.509263 sending message 110 to peer 0x5617948b3ac0 (0 bytes)
1731698743.509271 sending message 107 to peer 0x5617948b3ac0 (4 bytes)
1731698743.509277 sending message 105 to peer 0x5617948b3ac0 (50 bytes)
1731698743.509283 sending message 105 to peer 0x5617948b3ac0 (47 bytes)
1731698743.509289 sending message 105 to peer 0x5617948b3ac0 (23 bytes)
1731698743.509295 sending message 105 to peer 0x5617948b3ac0 (20 bytes)
1731698743.509301 sending message 105 to peer 0x5617948b3ac0 (54 bytes)
1731698743.509307 sending message 105 to peer 0x5617948b3ac0 (51 bytes)
1731698743.509313 sending message 105 to peer 0x5617948b3ac0 (23 bytes)
1731698743.509319 sending message 105 to peer 0x5617948b3ac0 (11 bytes)
1731698743.509325 sending message 105 to peer 0x5617948b3ac0 (11 bytes)
1731698743.509331 sending message 105 to peer 0x5617948b3ac0 (50 bytes)
1731698743.509337 sending message 105 to peer 0x5617948b3ac0 (51 bytes)
1731698743.509344 sending message 105 to peer 0x5617948b3ac0 (25 bytes)
1731698743.509354 sending message 105 to peer 0x5617948b3ac0 (49 bytes)
1731698743.509363 sending message 105 to peer 0x5617948b3ac0 (67 bytes)
1731698743.509372 sending message 105 to peer 0x5617948b3ac0 (50 bytes)
1731698743.509384 sending message 105 to peer 0x5617948b3ac0 (58 bytes)
1731698743.509393 sending message 105 to peer 0x5617948b3ac0 (52 bytes)
1731698743.509399 sending message 105 to peer 0x5617948b3ac0 (86 bytes)
1731698743.509405 sending message 105 to peer 0x5617948b3ac0 (19 bytes)
1731698743.509411 sending message 105 to peer 0x5617948b3ac0 (73 bytes)
1731698743.509417 sending message 105 to peer 0x5617948b3ac0 (28 bytes)
1731698743.509423 sending message 105 to peer 0x5617948b3ac0 (17 bytes)
1731698743.509435 sending message 105 to peer 0x5617948b3ac0 (23 bytes)
1731698743.509441 sending message 105 to peer 0x5617948b3ac0 (18 bytes)
1731698743.509447 sending message 105 to peer 0x5617948b3ac0 (47 bytes)
1731698743.509454 sending message 105 to peer 0x5617948b3ac0 (23 bytes)
1731698743.509459 sending message 105 to peer 0x5617948b3ac0 (28 bytes)
1731698743.509465 sending message 105 to peer 0x5617948b3ac0 (22 bytes)
1731698743.509472 sending message 105 to peer 0x5617948b3ac0 (21 bytes)
1731698743.509477 sending message 105 to peer 0x5617948b3ac0 (22 bytes)
1731698743.509501 sending message 105 to peer 0x5617948b3ac0 (17 bytes)
1731698743.509510 sending message 105 to peer 0x5617948b3ac0 (23 bytes)
1731698743.509516 sending message 105 to peer 0x5617948b3ac0 (30 bytes)
1731698743.509522 sending message 105 to peer 0x5617948b3ac0 (27 bytes)
1731698743.509528 sending message 105 to peer 0x5617948b3ac0 (24 bytes)
1731698743.509534 sending message 105 to peer 0x5617948b3ac0 (20 bytes)
1731698743.509544 sending message 105 to peer 0x5617948b3ac0 (23 bytes)
1731698743.509553 sending message 105 to peer 0x5617948b3ac0 (21 bytes)
1731698743.509562 sending message 105 to peer 0x5617948b3ac0 (25 bytes)
1731698743.509572 sending message 105 to peer 0x5617948b3ac0 (20 bytes)
1731698743.509579 sending message 105 to peer 0x5617948b3ac0 (8 bytes)
1731698743.509585 sending message 105 to peer 0x5617948b3ac0 (26 bytes)
1731698743.509591 sending message 105 to peer 0x5617948b3ac0 (26 bytes)
1731698743.509597 sending message 105 to peer 0x5617948b3ac0 (22 bytes)
1731698743.509603 sending message 105 to peer 0x5617948b3ac0 (22 bytes)
1731698743.509609 sending message 105 to peer 0x5617948b3ac0 (26 bytes)
1731698743.509615 sending message 105 to peer 0x5617948b3ac0 (22 bytes)
1731698743.509621 sending message 105 to peer 0x5617948b3ac0 (26 bytes)
1731698743.509627 sending message 105 to peer 0x5617948b3ac0 (14 bytes)
1731698743.509633 sending message 105 to peer 0x5617948b3ac0 (32 bytes)
1731698743.509640 sending message 105 to peer 0x5617948b3ac0 (1519 bytes)
1731698743.509647 sending message 105 to peer 0x5617948b3ac0 (16 bytes)
1731698743.509654 sending message 105 to peer 0x5617948b3ac0 (54 bytes)
1731698743.509660 sending message 105 to peer 0x5617948b3ac0 (81 bytes)
1731698743.509666 sending message 105 to peer 0x5617948b3ac0 (10 bytes)
1731698743.509672 sending message 105 to peer 0x5617948b3ac0 (12 bytes)
1731698743.509678 sending message 105 to peer 0x5617948b3ac0 (11 bytes)
1731698743.509684 sending message 105 to peer 0x5617948b3ac0 (50 bytes)
1731698743.509690 sending message 105 to peer 0x5617948b3ac0 (346 bytes)
1731698743.509696 sending message 105 to peer 0x5617948b3ac0 (78 bytes)
1731698743.509703 sending message 105 to peer 0x5617948b3ac0 (19 bytes)
1731698743.509709 sending message 105 to peer 0x5617948b3ac0 (30 bytes)
1731698743.509715 sending message 105 to peer 0x5617948b3ac0 (18 bytes)
1731698743.509721 sending message 105 to peer 0x5617948b3ac0 (19 bytes)
1731698743.509727 sending message 105 to peer 0x5617948b3ac0 (8 bytes)
1731698743.509733 sending message 105 to peer 0x5617948b3ac0 (20 bytes)
1731698743.509739 sending message 105 to peer 0x5617948b3ac0 (48 bytes)
1731698743.509748 sending message 105 to peer 0x5617948b3ac0 (22 bytes)
1731698743.509757 sending message 105 to peer 0x5617948b3ac0 (21 bytes)
1731698743.509768 sending message 105 to peer 0x5617948b3ac0 (76 bytes)
1731698743.509779 sending message 105 to peer 0x5617948b3ac0 (45 bytes)
1731698743.509788 sending message 105 to peer 0x5617948b3ac0 (62 bytes)
1731698743.509799 sending message 105 to peer 0x5617948b3ac0 (18 bytes)
1731698743.509808 sending message 105 to peer 0x5617948b3ac0 (26 bytes)
1731698743.509817 sending message 105 to peer 0x5617948b3ac0 (33 bytes)
1731698743.509827 sending message 105 to peer 0x5617948b3ac0 (61 bytes)
1731698743.509836 sending message 105 to peer 0x5617948b3ac0 (36 bytes)
1731698743.509846 sending message 105 to peer 0x5617948b3ac0 (13 bytes)
1731698743.509854 sending message 105 to peer 0x5617948b3ac0 (52 bytes)
1731698743.509865 sending message 105 to peer 0x5617948b3ac0 (11 bytes)
1731698743.509871 sending message 105 to peer 0x5617948b3ac0 (17 bytes)
1731698743.509877 sending message 105 to peer 0x5617948b3ac0 (35 bytes)
1731698743.509883 sending message 105 to peer 0x5617948b3ac0 (16 bytes)
1731698743.509889 sending message 105 to peer 0x5617948b3ac0 (26 bytes)
1731698743.509895 sending message 105 to peer 0x5617948b3ac0 (126 bytes)
1731698743.509901 sending message 105 to peer 0x5617948b3ac0 (24 bytes)
1731698743.509907 sending message 105 to peer 0x5617948b3ac0 (62 bytes)
1731698743.509913 sending message 105 to peer 0x5617948b3ac0 (31 bytes)
1731698743.509919 sending message 105 to peer 0x5617948b3ac0 (15 bytes)
1731698743.509925 sending message 105 to peer 0x5617948b3ac0 (52 bytes)
1731698743.509932 sending message 105 to peer 0x5617948b3ac0 (23 bytes)
1731698743.509938 sending message 105 to peer 0x5617948b3ac0 (24 bytes)
1731698743.509943 sending message 105 to peer 0x5617948b3ac0 (17 bytes)
1731698743.509950 sending message 105 to peer 0x5617948b3ac0 (58 bytes)
1731698743.509956 sending message 105 to peer 0x5617948b3ac0 (21 bytes)
1731698743.509962 sending message 105 to peer 0x5617948b3ac0 (11 bytes)
1731698743.509968 sending message 105 to peer 0x5617948b3ac0 (20 bytes)
1731698743.509973 sending message 105 to peer 0x5617948b3ac0 (27 bytes)
1731698743.509979 sending message 105 to peer 0x5617948b3ac0 (16 bytes)
1731698743.509985 sending message 105 to peer 0x5617948b3ac0 (20 bytes)
1731698743.509991 sending message 105 to peer 0x5617948b3ac0 (27 bytes)
1731698743.509997 sending message 106 to peer 0x5617948b3ac0 (0 bytes)
1731698743.510005 sending message 200 to peer 0x5617948b3ac0 (4 bytes)
1731698743.510013 client loop enter
1731698743.510523 peer 0x5617948b3ac0 message 303
1731698743.510536 open write file 2 -
1731698743.510549 sending message 305 to peer 0x5617948b3ac0 (8 bytes)
1731698743.510576 write check file 2
1731698743.510700 peer 0x5617948b3ac0 message 304
1731698743.510711 write 58 to file 2
1731698743.510718 peer 0x5617948b3ac0 message 203
1731698743.510725 file 2 58 bytes left
1731698743.510743 write check file 2
1731698743.510752 client loop exit
